#
# A fatal error has been detected by the Java Runtime Environment:
#
#  EXCEPTION_UNCAUGHT_CXX_EXCEPTION (0xe06d7363) at pc=0x00007ffadc823fb8, pid=437568, tid=0x000000000006ada0
#
# JRE version: Java(TM) SE Runtime Environment (8.0_121-b13) (build 1.8.0_121-b13)
# Java VM: Java HotSpot(TM) 64-Bit Server VM (25.121-b13 mixed mode windows-amd64 compressed oops)
# Problematic frame:
# C  [KERNELBASE.dll+0x13fb8]
#
# Failed to write core dump. Minidumps are not enabled by default on client versions of Windows
#
# If you would like to submit a bug report, please visit:
#   http://bugreport.java.com/bugreport/crash.jsp
# The crash happened outside the Java Virtual Machine in native code.
# See problematic frame for where to report the bug.
#

---------------  T H R E A D  ---------------

Current thread (0x000000001fce2800):  JavaThread "Thread-0" [_thread_in_native, id=437664, stack(0x00000000205c0000,0x00000000206c0000)]

siginfo: ExceptionCode=0xe06d7363, ExceptionInformation=0x0000000019930520 0x00000000206af050 0x00007ffaad43cd78 0x00007ffaad1f0000 

Registers:
RAX=0x0000000000000000, RBX=0x00007ffaad43cd78, RCX=0x0000000000000000, RDX=0x00007ffadf9d6986
RSP=0x00000000206aeec0, RBP=0x00000000206af000, RSI=0x00007ffaad3c9378, RDI=0x00000000206af050
R8 =0x0000000000000000, R9 =0x0000000000000000, R10=0x0000000000000000, R11=0x0000000000ba01e0
R12=0x00000000ffffff29, R13=0x0000000000000000, R14=0x00007ffaad3c8340, R15=0x00000000206bf1f8
RIP=0x00007ffadc823fb8, EFLAGS=0x0000000000000202

Top of Stack: (sp=0x00000000206aeec0)
0x00000000206aeec0:   0000000000000000 00007ffaad43cd78
0x00000000206aeed0:   00007ffaad3c9378 00000000206af050
0x00000000206aeee0:   00000001e06d7363 0000000000000000
0x00000000206aeef0:   00007ffadc823fb8 0000000000000004
0x00000000206aef00:   0000000019930520 00000000206af050
0x00000000206aef10:   00007ffaad43cd78 00007ffaad1f0000
0x00000000206aef20:   00000000ffffff29 00000000206af050
0x00000000206aef30:   00007ffaad3c9378 00000000206af010
0x00000000206aef40:   00000000206af000 00007ffadf9ec65f
0x00000000206aef50:   0000000000000000 00007ffa00000000
0x00000000206aef60:   00000000206af050 00007ffaae77d306
0x00000000206aef70:   00007ffaad45f000 00007ffaad1f0000
0x00000000206aef80:   000051bb808f7073 00007ffaae7fc4d0
0x00000000206aef90:   00007ffaad43cd78 00007ffaae77ef63
0x00000000206aefa0:   00000000206af050 00007ffaae74eb8d
0x00000000206aefb0:   00007ffaae7fc4d0 00007ffaad3c9378 

Instructions: (pc=0x00007ffadc823fb8)
0x00007ffadc823f98:   49 8b d1 44 0f 47 c0 44 89 44 24 38 49 c1 e0 03
0x00007ffadc823fa8:   e8 ba 16 07 00 48 8d 4c 24 20 ff 15 38 4b 16 00
0x00007ffadc823fb8:   48 8b 8c 24 c0 00 00 00 48 33 cc e8 98 e6 06 00
0x00007ffadc823fc8:   48 81 c4 d8 00 00 00 c3 83 64 24 38 00 eb d6 cc 


Register to memory mapping:

RAX=0x0000000000000000 is an unknown value
RBX=0x00007ffaad43cd78 is an unknown value
RCX=0x0000000000000000 is an unknown value
RDX=0x00007ffadf9d6986 is an unknown value
RSP=0x00000000206aeec0 is pointing into the stack for thread: 0x000000001fce2800
RBP=0x00000000206af000 is pointing into the stack for thread: 0x000000001fce2800
RSI=0x00007ffaad3c9378 is an unknown value
RDI=0x00000000206af050 is pointing into the stack for thread: 0x000000001fce2800
R8 =0x0000000000000000 is an unknown value
R9 =0x0000000000000000 is an unknown value
R10=0x0000000000000000 is an unknown value
R11=0x0000000000ba01e0 is an unknown value
R12=0x00000000ffffff29 is an unknown value
R13=0x0000000000000000 is an unknown value
R14=0x00007ffaad3c8340 is an unknown value
R15=0x00000000206bf1f8 is pointing into the stack for thread: 0x000000001fce2800


Stack: [0x00000000205c0000,0x00000000206c0000],  sp=0x00000000206aeec0,  free space=955k
Native frames: (J=compiled Java code, j=interpreted, Vv=VM code, C=native code)
C  [KERNELBASE.dll+0x13fb8]
C  [msvcr120.dll+0x5ef63]
C  [opencv_core320.dll+0x1a2c34]
C  [opencv_core320.dll+0x1a2d76]
C  [opencv_core320.dll+0x2aa76]
C  [jniopencv_core.dll+0xf28f5]
C  0x00000000055d1c6c

Java frames: (J=compiled Java code, j=interpreted, Vv=VM code)
J 1023  org.bytedeco.javacpp.opencv_core.cvSetImageROI(Lorg/bytedeco/javacpp/opencv_core$IplImage;Lorg/bytedeco/javacpp/opencv_core$CvRect;)V (0 bytes) @ 0x00000000055d1be6 [0x00000000055d1b80+0x66]
J 991 C1 aka.gandy.javacv.ImageProc.imgMatch(Lorg/bytedeco/javacpp/opencv_core$IplImage;Lorg/bytedeco/javacpp/opencv_core$IplImage;)Laka/gandy/win32/Win32Point; (436 bytes) @ 0x00000000055c495c [0x00000000055c4800+0x15c]
j  aka.gandy.control.GandyControl$MainThread.scenePretreatement(Lorg/bytedeco/javacpp/opencv_core$IplImage;I)V+49
j  aka.gandy.control.GandyControl$MainThread.run()V+79
v  ~StubRoutines::call_stub

---------------  P R O C E S S  ---------------

Java Threads: ( => current thread )
  0x0000000021eb0800 JavaThread "AWT-Shutdown" [_thread_blocked, id=437732, stack(0x000000002a610000,0x000000002a710000)]
  0x0000000022425800 JavaThread "JavaCPP Deallocator" daemon [_thread_blocked, id=437692, stack(0x0000000023080000,0x0000000023180000)]
  0x0000000020b2b000 JavaThread "AWT-Windows" daemon [_thread_in_native, id=437688, stack(0x00000000214f0000,0x00000000215f0000)]
  0x0000000020b25800 JavaThread "Java2D Disposer" daemon [_thread_blocked, id=437680, stack(0x00000000212e0000,0x00000000213e0000)]
  0x0000000004c2e800 JavaThread "DestroyJavaVM" [_thread_blocked, id=437604, stack(0x0000000004fd0000,0x00000000050d0000)]
  0x000000001fce0800 JavaThread "Thread-1" [_thread_blocked, id=437668, stack(0x00000000206c0000,0x00000000207c0000)]
=>0x000000001fce2800 JavaThread "Thread-0" [_thread_in_native, id=437664, stack(0x00000000205c0000,0x00000000206c0000)]
  0x000000001fb32000 JavaThread "Service Thread" daemon [_thread_blocked, id=437656, stack(0x00000000203c0000,0x00000000204c0000)]
  0x000000001fb23000 JavaThread "C1 CompilerThread2" daemon [_thread_blocked, id=437652, stack(0x00000000202c0000,0x00000000203c0000)]
  0x000000001fb20000 JavaThread "C2 CompilerThread1" daemon [_thread_blocked, id=437648, stack(0x00000000201c0000,0x00000000202c0000)]
  0x000000001e7cc000 JavaThread "C2 CompilerThread0" daemon [_thread_blocked, id=437644, stack(0x00000000200c0000,0x00000000201c0000)]
  0x000000001fac8800 JavaThread "Attach Listener" daemon [_thread_blocked, id=437640, stack(0x000000001ffc0000,0x00000000200c0000)]
  0x000000001e769000 JavaThread "Signal Dispatcher" daemon [_thread_blocked, id=437636, stack(0x000000001fec0000,0x000000001ffc0000)]
  0x000000001e759000 JavaThread "Finalizer" daemon [_thread_blocked, id=437632, stack(0x000000001f9c0000,0x000000001fac0000)]
  0x00000000051c3000 JavaThread "Reference Handler" daemon [_thread_blocked, id=437628, stack(0x000000001f8c0000,0x000000001f9c0000)]

Other Threads:
  0x000000001e737000 VMThread [stack: 0x000000001f7c0000,0x000000001f8c0000] [id=437624]
  0x000000001fb68000 WatcherThread [stack: 0x00000000204c0000,0x00000000205c0000] [id=437660]

VM state:not at safepoint (normal execution)

VM Mutex/Monitor currently owned by a thread: None

Heap:
 PSYoungGen      total 64000K, used 21949K [0x000000076b580000, 0x000000076fb00000, 0x00000007c0000000)
  eden space 57856K, 35% used [0x000000076b580000,0x000000076c9b7670,0x000000076ee00000)
  from space 6144K, 20% used [0x000000076f500000,0x000000076f638000,0x000000076fb00000)
  to   space 6656K, 0% used [0x000000076ee00000,0x000000076ee00000,0x000000076f480000)
 ParOldGen       total 173568K, used 1934K [0x00000006c2000000, 0x00000006cc980000, 0x000000076b580000)
  object space 173568K, 1% used [0x00000006c2000000,0x00000006c21e3a80,0x00000006cc980000)
 Metaspace       used 10606K, capacity 10766K, committed 11008K, reserved 1058816K
  class space    used 1126K, capacity 1185K, committed 1280K, reserved 1048576K

Card table byte_map: [0x0000000014590000,0x0000000014d90000] byte_map_base: 0x0000000010f80000

Marking Bits: (ParMarkBitMap*) 0x000000006897b6d0
 Begin Bits: [0x00000000156e0000, 0x0000000019660000)
 End Bits:   [0x0000000019660000, 0x000000001d5e0000)

Polling page: 0x0000000003230000

CodeCache: size=245760Kb used=4566Kb max_used=4566Kb free=241193Kb
 bounds [0x00000000051d0000, 0x0000000005670000, 0x00000000141d0000]
 total_blobs=1613 nmethods=1110 adapters=416
 compilation: enabled

Compilation events (10 events):
Event: 158.468 Thread 0x000000001fb23000 1222       3       com.sun.imageio.plugins.bmp.BMPImageWriter::writePixels (1193 bytes)
Event: 158.470 Thread 0x000000001fb23000 nmethod 1222 0x0000000005435d50 code [0x00000000054361e0, 0x0000000005438fb8]
Event: 158.470 Thread 0x000000001fb23000 1223       3       javax.imageio.stream.FileCacheImageOutputStream::write (38 bytes)
Event: 158.470 Thread 0x000000001fb23000 nmethod 1223 0x0000000005599e90 code [0x000000000559a020, 0x000000000559a3b8]
Event: 158.470 Thread 0x000000001fb23000 1224       3       java.io.RandomAccessFile::write (6 bytes)
Event: 158.470 Thread 0x000000001fb23000 nmethod 1224 0x000000000537a090 code [0x000000000537a200, 0x000000000537a388]
Event: 158.584 Thread 0x000000001fb23000 1225       3       java.util.Vector::<init> (7 bytes)
Event: 158.584 Thread 0x000000001fb23000 nmethod 1225 0x000000000559ce50 code [0x000000000559cfc0, 0x000000000559d1c8]
Event: 158.585 Thread 0x000000001fb23000 1226 %     3       com.sun.imageio.plugins.bmp.BMPImageWriter::writePixels @ 684 (1193 bytes)
Event: 158.587 Thread 0x000000001fb23000 nmethod 1226% 0x000000000542b350 code [0x000000000542b7e0, 0x000000000542e6d8]

GC Heap History (10 events):
Event: 90.841 GC heap before
{Heap before GC invocations=6 (full 0):
 PSYoungGen      total 68608K, used 68104K [0x000000076b580000, 0x0000000770080000, 0x00000007c0000000)
  eden space 63488K, 100% used [0x000000076b580000,0x000000076f380000,0x000000076f380000)
  from space 5120K, 90% used [0x000000076f500000,0x000000076f9822d0,0x000000076fa00000)
  to   space 6656K, 0% used [0x000000076fa00000,0x000000076fa00000,0x0000000770080000)
 ParOldGen       total 173568K, used 40K [0x00000006c2000000, 0x00000006cc980000, 0x000000076b580000)
  object space 173568K, 0% used [0x00000006c2000000,0x00000006c200a000,0x00000006cc980000)
 Metaspace       used 10488K, capacity 10638K, committed 10752K, reserved 1058816K
  class space    used 1126K, capacity 1185K, committed 1280K, reserved 1048576K
Event: 90.844 GC heap after
Heap after GC invocations=6 (full 0):
 PSYoungGen      total 66560K, used 4568K [0x000000076b580000, 0x000000076fe80000, 0x00000007c0000000)
  eden space 61952K, 0% used [0x000000076b580000,0x000000076b580000,0x000000076f200000)
  from space 4608K, 99% used [0x000000076fa00000,0x000000076fe762e0,0x000000076fe80000)
  to   space 6144K, 0% used [0x000000076f280000,0x000000076f280000,0x000000076f880000)
 ParOldGen       total 173568K, used 48K [0x00000006c2000000, 0x00000006cc980000, 0x000000076b580000)
  object space 173568K, 0% used [0x00000006c2000000,0x00000006c200c000,0x00000006cc980000)
 Metaspace       used 10488K, capacity 10638K, committed 10752K, reserved 1058816K
  class space    used 1126K, capacity 1185K, committed 1280K, reserved 1048576K
}
Event: 105.923 GC heap before
{Heap before GC invocations=7 (full 0):
 PSYoungGen      total 66560K, used 66520K [0x000000076b580000, 0x000000076fe80000, 0x00000007c0000000)
  eden space 61952K, 100% used [0x000000076b580000,0x000000076f200000,0x000000076f200000)
  from space 4608K, 99% used [0x000000076fa00000,0x000000076fe762e0,0x000000076fe80000)
  to   space 6144K, 0% used [0x000000076f280000,0x000000076f280000,0x000000076f880000)
 ParOldGen       total 173568K, used 48K [0x00000006c2000000, 0x00000006cc980000, 0x000000076b580000)
  object space 173568K, 0% used [0x00000006c2000000,0x00000006c200c000,0x00000006cc980000)
 Metaspace       used 10495K, capacity 10638K, committed 10752K, reserved 1058816K
  class space    used 1126K, capacity 1185K, committed 1280K, reserved 1048576K
Event: 105.929 GC heap after
Heap after GC invocations=7 (full 0):
 PSYoungGen      total 65536K, used 4225K [0x000000076b580000, 0x000000076fd00000, 0x00000007c0000000)
  eden space 60928K, 0% used [0x000000076b580000,0x000000076b580000,0x000000076f100000)
  from space 4608K, 91% used [0x000000076f280000,0x000000076f6a0580,0x000000076f700000)
  to   space 6144K, 0% used [0x000000076f700000,0x000000076f700000,0x000000076fd00000)
 ParOldGen       total 173568K, used 1886K [0x00000006c2000000, 0x00000006cc980000, 0x000000076b580000)
  object space 173568K, 1% used [0x00000006c2000000,0x00000006c21d7a80,0x00000006cc980000)
 Metaspace       used 10495K, capacity 10638K, committed 10752K, reserved 1058816K
  class space    used 1126K, capacity 1185K, committed 1280K, reserved 1048576K
}
Event: 122.031 GC heap before
{Heap before GC invocations=8 (full 0):
 PSYoungGen      total 65536K, used 65153K [0x000000076b580000, 0x000000076fd00000, 0x00000007c0000000)
  eden space 60928K, 100% used [0x000000076b580000,0x000000076f100000,0x000000076f100000)
  from space 4608K, 91% used [0x000000076f280000,0x000000076f6a0580,0x000000076f700000)
  to   space 6144K, 0% used [0x000000076f700000,0x000000076f700000,0x000000076fd00000)
 ParOldGen       total 173568K, used 1886K [0x00000006c2000000, 0x00000006cc980000, 0x000000076b580000)
  object space 173568K, 1% used [0x00000006c2000000,0x00000006c21d7a80,0x00000006cc980000)
 Metaspace       used 10530K, capacity 10702K, committed 11008K, reserved 1058816K
  class space    used 1126K, capacity 1185K, committed 1280K, reserved 1048576K
Event: 122.033 GC heap after
Heap after GC invocations=8 (full 0):
 PSYoungGen      total 66048K, used 2736K [0x000000076b580000, 0x000000076fd00000, 0x00000007c0000000)
  eden space 59904K, 0% used [0x000000076b580000,0x000000076b580000,0x000000076f000000)
  from space 6144K, 44% used [0x000000076f700000,0x000000076f9ac2c0,0x000000076fd00000)
  to   space 6656K, 0% used [0x000000076f000000,0x000000076f000000,0x000000076f680000)
 ParOldGen       total 173568K, used 1902K [0x00000006c2000000, 0x00000006cc980000, 0x000000076b580000)
  object space 173568K, 1% used [0x00000006c2000000,0x00000006c21dba80,0x00000006cc980000)
 Metaspace       used 10530K, capacity 10702K, committed 11008K, reserved 1058816K
  class space    used 1126K, capacity 1185K, committed 1280K, reserved 1048576K
}
Event: 136.506 GC heap before
{Heap before GC invocations=9 (full 0):
 PSYoungGen      total 66048K, used 62640K [0x000000076b580000, 0x000000076fd00000, 0x00000007c0000000)
  eden space 59904K, 100% used [0x000000076b580000,0x000000076f000000,0x000000076f000000)
  from space 6144K, 44% used [0x000000076f700000,0x000000076f9ac2c0,0x000000076fd00000)
  to   space 6656K, 0% used [0x000000076f000000,0x000000076f000000,0x000000076f680000)
 ParOldGen       total 173568K, used 1902K [0x00000006c2000000, 0x00000006cc980000, 0x000000076b580000)
  object space 173568K, 1% used [0x00000006c2000000,0x00000006c21dba80,0x00000006cc980000)
 Metaspace       used 10594K, capacity 10766K, committed 11008K, reserved 1058816K
  class space    used 1126K, capacity 1185K, committed 1280K, reserved 1048576K
Event: 136.509 GC heap after
Heap after GC invocations=9 (full 0):
 PSYoungGen      total 63488K, used 4193K [0x000000076b580000, 0x000000076fb00000, 0x00000007c0000000)
  eden space 58880K, 0% used [0x000000076b580000,0x000000076b580000,0x000000076ef00000)
  from space 4608K, 91% used [0x000000076f000000,0x000000076f418580,0x000000076f480000)
  to   space 6144K, 0% used [0x000000076f500000,0x000000076f500000,0x000000076fb00000)
 ParOldGen       total 173568K, used 1918K [0x00000006c2000000, 0x00000006cc980000, 0x000000076b580000)
  object space 173568K, 1% used [0x00000006c2000000,0x00000006c21dfa80,0x00000006cc980000)
 Metaspace       used 10594K, capacity 10766K, committed 11008K, reserved 1058816K
  class space    used 1126K, capacity 1185K, committed 1280K, reserved 1048576K
}
Event: 152.657 GC heap before
{Heap before GC invocations=10 (full 0):
 PSYoungGen      total 63488K, used 62072K [0x000000076b580000, 0x000000076fb00000, 0x00000007c0000000)
  eden space 58880K, 98% used [0x000000076b580000,0x000000076ee05d00,0x000000076ef00000)
  from space 4608K, 91% used [0x000000076f000000,0x000000076f418580,0x000000076f480000)
  to   space 6144K, 0% used [0x000000076f500000,0x000000076f500000,0x000000076fb00000)
 ParOldGen       total 173568K, used 1918K [0x00000006c2000000, 0x00000006cc980000, 0x000000076b580000)
  object space 173568K, 1% used [0x00000006c2000000,0x00000006c21dfa80,0x00000006cc980000)
 Metaspace       used 10604K, capacity 10766K, committed 11008K, reserved 1058816K
  class space    used 1126K, capacity 1185K, committed 1280K, reserved 1048576K
Event: 152.659 GC heap after
Heap after GC invocations=10 (full 0):
 PSYoungGen      total 64000K, used 1248K [0x000000076b580000, 0x000000076fb00000, 0x00000007c0000000)
  eden space 57856K, 0% used [0x000000076b580000,0x000000076b580000,0x000000076ee00000)
  from space 6144K, 20% used [0x000000076f500000,0x000000076f638000,0x000000076fb00000)
  to   space 6656K, 0% used [0x000000076ee00000,0x000000076ee00000,0x000000076f480000)
 ParOldGen       total 173568K, used 1934K [0x00000006c2000000, 0x00000006cc980000, 0x000000076b580000)
  object space 173568K, 1% used [0x00000006c2000000,0x00000006c21e3a80,0x00000006cc980000)
 Metaspace       used 10604K, capacity 10766K, committed 11008K, reserved 1058816K
  class space    used 1126K, capacity 1185K, committed 1280K, reserved 1048576K
}

Deoptimization events (9 events):
Event: 2.208 Thread 0x000000001fce0800 Uncommon trap: reason=unstable_if action=reinterpret pc=0x0000000005393d74 method=java.lang.String.<init>([CII)V @ 18
Event: 8.206 Thread 0x000000001e759000 Uncommon trap: reason=unstable_if action=reinterpret pc=0x000000000559b59c method=java.lang.ref.ReferenceQueue.poll()Ljava/lang/ref/Reference; @ 4
Event: 127.127 Thread 0x000000001fce2800 Uncommon trap: reason=array_check action=maybe_recompile pc=0x00000000052ebc6c method=org.bytedeco.javacpp.PointerPointer.put([[F)Lorg/bytedeco/javacpp/PointerPointer; @ 45
Event: 127.128 Thread 0x000000001fce2800 Uncommon trap: reason=array_check action=maybe_recompile pc=0x00000000052ebc6c method=org.bytedeco.javacpp.PointerPointer.put([[F)Lorg/bytedeco/javacpp/PointerPointer; @ 45
Event: 127.161 Thread 0x000000001fce2800 Uncommon trap: reason=array_check action=maybe_recompile pc=0x00000000052ebc6c method=org.bytedeco.javacpp.PointerPointer.put([[F)Lorg/bytedeco/javacpp/PointerPointer; @ 45
Event: 127.161 Thread 0x000000001fce2800 Uncommon trap: reason=array_check action=maybe_recompile pc=0x00000000052ebc6c method=org.bytedeco.javacpp.PointerPointer.put([[F)Lorg/bytedeco/javacpp/PointerPointer; @ 45
Event: 127.198 Thread 0x000000001fce2800 Uncommon trap: reason=array_check action=maybe_recompile pc=0x000000000545d344 method=org.bytedeco.javacpp.PointerPointer.put([[F)Lorg/bytedeco/javacpp/PointerPointer; @ 45
Event: 158.467 Thread 0x000000001fce2800 Uncommon trap: reason=unstable_if action=reinterpret pc=0x0000000005464e3c method=com.sun.imageio.plugins.bmp.BMPImageWriter.writePixels(III[IIILjava/awt/image/IndexColorModel;)V @ 1173
Event: 158.468 Thread 0x000000001fce2800 Uncommon trap: reason=unstable_if action=reinterpret pc=0x00000000054431c8 method=com.sun.imageio.plugins.bmp.BMPImageWriter.writePixels(III[IIILjava/awt/image/IndexColorModel;)V @ 1173

Internal exceptions (10 events):
Event: 1.849 Thread 0x000000001fce2800 Exception <a 'java/security/PrivilegedActionException'> (0x000000076bd286b0) thrown at [C:\re\workspace\8-2-build-windows-amd64-cygwin\jdk8u121\8372\hotspot\src\share\vm\prims\jvm.cpp, line 1390]
Event: 1.849 Thread 0x000000001fce2800 Exception <a 'java/security/PrivilegedActionException'> (0x000000076bd288c0) thrown at [C:\re\workspace\8-2-build-windows-amd64-cygwin\jdk8u121\8372\hotspot\src\share\vm\prims\jvm.cpp, line 1390]
Event: 1.850 Thread 0x000000001fce2800 Exception <a 'java/security/PrivilegedActionException'> (0x000000076bd29b78) thrown at [C:\re\workspace\8-2-build-windows-amd64-cygwin\jdk8u121\8372\hotspot\src\share\vm\prims\jvm.cpp, line 1390]
Event: 1.850 Thread 0x000000001fce2800 Exception <a 'java/security/PrivilegedActionException'> (0x000000076bd29d88) thrown at [C:\re\workspace\8-2-build-windows-amd64-cygwin\jdk8u121\8372\hotspot\src\share\vm\prims\jvm.cpp, line 1390]
Event: 1.850 Thread 0x000000001fce2800 Exception <a 'java/security/PrivilegedActionException'> (0x000000076bd2b038) thrown at [C:\re\workspace\8-2-build-windows-amd64-cygwin\jdk8u121\8372\hotspot\src\share\vm\prims\jvm.cpp, line 1390]
Event: 1.850 Thread 0x000000001fce2800 Exception <a 'java/security/PrivilegedActionException'> (0x000000076bd2b248) thrown at [C:\re\workspace\8-2-build-windows-amd64-cygwin\jdk8u121\8372\hotspot\src\share\vm\prims\jvm.cpp, line 1390]
Event: 1.883 Thread 0x000000001fce2800 Exception <a 'java/io/FileNotFoundException'> (0x000000076bee8960) thrown at [C:\re\workspace\8-2-build-windows-amd64-cygwin\jdk8u121\8372\hotspot\src\share\vm\prims\jni.cpp, line 709]
Event: 1.928 Thread 0x000000001fce2800 Exception <a 'java/lang/NoSuchFieldError': method resolution failed> (0x000000076bfb6758) thrown at [C:\re\workspace\8-2-build-windows-amd64-cygwin\jdk8u121\8372\hotspot\src\share\vm\prims\methodHandles.cpp, line 1146]
Event: 1.932 Thread 0x000000001fce2800 Exception <a 'java/lang/NoSuchFieldError': method resolution failed> (0x000000076bfc3aa8) thrown at [C:\re\workspace\8-2-build-windows-amd64-cygwin\jdk8u121\8372\hotspot\src\share\vm\prims\methodHandles.cpp, line 1146]
Event: 1.976 Thread 0x000000001fce2800 Exception <a 'java/io/FileNotFoundException'> (0x000000076c04ccf8) thrown at [C:\re\workspace\8-2-build-windows-amd64-cygwin\jdk8u121\8372\hotspot\src\share\vm\prims\jni.cpp, line 709]

Events (10 events):
Event: 158.462 Thread 0x000000001fb23000 flushing nmethod 0x000000000559c510
Event: 158.462 Thread 0x0000000021eb0800 Thread added: 0x0000000021eb0800
Event: 158.465 Thread 0x000000001fb23000 flushing nmethod 0x00000000055df250
Event: 158.465 Thread 0x000000001fb23000 flushing nmethod 0x00000000055e00d0
Event: 158.467 Thread 0x000000001fce2800 Uncommon trap: trap_request=0xffffff65 fr.pc=0x0000000005464e3c
Event: 158.468 Thread 0x000000001fce2800 DEOPT PACKING pc=0x0000000005464e3c sp=0x00000000206beed0
Event: 158.468 Thread 0x000000001fce2800 DEOPT UNPACKING pc=0x000000000521582a sp=0x00000000206bee30 mode 2
Event: 158.468 Thread 0x000000001fce2800 Uncommon trap: trap_request=0xffffff65 fr.pc=0x00000000054431c8
Event: 158.468 Thread 0x000000001fce2800 DEOPT PACKING pc=0x00000000054431c8 sp=0x00000000206beec0
Event: 158.468 Thread 0x000000001fce2800 DEOPT UNPACKING pc=0x000000000521582a sp=0x00000000206bee30 mode 2


Dynamic libraries:
0x00007ff75a7b0000 - 0x00007ff75a7e7000 	C:\Program Files\Java\jdk1.8.0_121\bin\javaw.exe
0x00007ffadf970000 - 0x00007ffadfb50000 	C:\WINDOWS\SYSTEM32\ntdll.dll
0x00007ffadf160000 - 0x00007ffadf20e000 	C:\WINDOWS\System32\KERNEL32.DLL
0x00007ffadc810000 - 0x00007ffadca76000 	C:\WINDOWS\System32\KERNELBASE.dll
0x00007ffadf210000 - 0x00007ffadf2b1000 	C:\WINDOWS\System32\ADVAPI32.dll
0x00007ffadf7e0000 - 0x00007ffadf87d000 	C:\WINDOWS\System32\msvcrt.dll
0x00007ffadf470000 - 0x00007ffadf4cb000 	C:\WINDOWS\System32\sechost.dll
0x00007ffadcec0000 - 0x00007ffadcfdf000 	C:\WINDOWS\System32\RPCRT4.dll
0x00007ffadefc0000 - 0x00007ffadf14f000 	C:\WINDOWS\System32\USER32.dll
0x00007ffadcd80000 - 0x00007ffadcda0000 	C:\WINDOWS\System32\win32u.dll
0x00007ffadf440000 - 0x00007ffadf468000 	C:\WINDOWS\System32\GDI32.dll
0x00007ffadcae0000 - 0x00007ffadcc73000 	C:\WINDOWS\System32\gdi32full.dll
0x00007ffadcda0000 - 0x00007ffadce3b000 	C:\WINDOWS\System32\msvcp_win.dll
0x00007ffadcc80000 - 0x00007ffadcd76000 	C:\WINDOWS\System32\ucrtbase.dll
0x00007ffac76f0000 - 0x00007ffac7959000 	C:\WINDOWS\WinSxS\amd64_microsoft.windows.common-controls_6595b64144ccf1df_6.0.16299.192_none_15c8cdae9364c23b\COMCTL32.dll
0x00007ffadf4d0000 - 0x00007ffadf7d8000 	C:\WINDOWS\System32\combase.dll
0x00007ffadbd70000 - 0x00007ffadbde2000 	C:\WINDOWS\System32\bcryptPrimitives.dll
0x00007ffade9f0000 - 0x00007ffadea1d000 	C:\WINDOWS\System32\IMM32.DLL
0x0000000067c80000 - 0x0000000067d52000 	C:\Program Files\Java\jdk1.8.0_121\jre\bin\msvcr100.dll
0x0000000068160000 - 0x00000000689fb000 	C:\Program Files\Java\jdk1.8.0_121\jre\bin\server\jvm.dll
0x00007ffadf930000 - 0x00007ffadf938000 	C:\WINDOWS\System32\PSAPI.DLL
0x00007ffac38f0000 - 0x00007ffac38f9000 	C:\WINDOWS\SYSTEM32\WSOCK32.dll
0x00007ffadcfe0000 - 0x00007ffadd04c000 	C:\WINDOWS\System32\WS2_32.dll
0x00007ffad2150000 - 0x00007ffad215a000 	C:\WINDOWS\SYSTEM32\VERSION.dll
0x00007ffad9f90000 - 0x00007ffad9fb3000 	C:\WINDOWS\SYSTEM32\WINMM.dll
0x00007ffad9f10000 - 0x00007ffad9f3a000 	C:\WINDOWS\SYSTEM32\WINMMBASE.dll
0x00007ffadbdf0000 - 0x00007ffadbe3a000 	C:\WINDOWS\System32\cfgmgr32.dll
0x0000000068150000 - 0x000000006815f000 	C:\Program Files\Java\jdk1.8.0_121\jre\bin\verify.dll
0x0000000068120000 - 0x0000000068149000 	C:\Program Files\Java\jdk1.8.0_121\jre\bin\java.dll
0x0000000068100000 - 0x0000000068116000 	C:\Program Files\Java\jdk1.8.0_121\jre\bin\zip.dll
0x00007ffadd200000 - 0x00007ffade636000 	C:\WINDOWS\System32\SHELL32.dll
0x00007ffadf880000 - 0x00007ffadf926000 	C:\WINDOWS\System32\shcore.dll
0x00007ffadc0c0000 - 0x00007ffadc807000 	C:\WINDOWS\System32\windows.storage.dll
0x00007ffadd050000 - 0x00007ffadd0a1000 	C:\WINDOWS\System32\shlwapi.dll
0x00007ffadbd50000 - 0x00007ffadbd61000 	C:\WINDOWS\System32\kernel.appcore.dll
0x00007ffadbcc0000 - 0x00007ffadbd0c000 	C:\WINDOWS\System32\powrprof.dll
0x00007ffadbd10000 - 0x00007ffadbd2b000 	C:\WINDOWS\System32\profapi.dll
0x00007ffadb720000 - 0x00007ffadb737000 	C:\WINDOWS\SYSTEM32\CRYPTSP.dll
0x00007ffadb160000 - 0x00007ffadb193000 	C:\WINDOWS\system32\rsaenh.dll
0x00007ffadb820000 - 0x00007ffadb845000 	C:\WINDOWS\SYSTEM32\bcrypt.dll
0x00007ffadbbf0000 - 0x00007ffadbc19000 	C:\WINDOWS\SYSTEM32\USERENV.dll
0x00007ffadb710000 - 0x00007ffadb71b000 	C:\WINDOWS\SYSTEM32\CRYPTBASE.dll
0x00000000680e0000 - 0x00000000680fa000 	C:\Program Files\Java\jdk1.8.0_121\jre\bin\net.dll
0x00007ffadb550000 - 0x00007ffadb5b6000 	C:\WINDOWS\system32\mswsock.dll
0x00007ffadb2e0000 - 0x00007ffadb319000 	C:\WINDOWS\SYSTEM32\IPHLPAPI.DLL
0x00007ffadf430000 - 0x00007ffadf438000 	C:\WINDOWS\System32\NSI.dll
0x00007ffad5b50000 - 0x00007ffad5b66000 	C:\WINDOWS\SYSTEM32\dhcpcsvc6.DLL
0x00007ffad6200000 - 0x00007ffad621a000 	C:\WINDOWS\SYSTEM32\dhcpcsvc.DLL
0x00000000680c0000 - 0x00000000680d1000 	C:\Program Files\Java\jdk1.8.0_121\jre\bin\nio.dll
0x00007ffad68b0000 - 0x00007ffad68f2000 	C:\Users\Lie\AppData\Local\Temp\jna-76392\jna6750843102370040842.dll
0x0000000067ae0000 - 0x0000000067c78000 	C:\Program Files\Java\jdk1.8.0_121\jre\bin\awt.dll
0x00007ffadd0b0000 - 0x00007ffadd175000 	C:\WINDOWS\System32\OLEAUT32.dll
0x00007ffada1e0000 - 0x00007ffada268000 	C:\WINDOWS\SYSTEM32\apphelp.dll
0x00007ffada550000 - 0x00007ffada57a000 	C:\WINDOWS\system32\DWMAPI.DLL
0x00007ffada480000 - 0x00007ffada515000 	C:\WINDOWS\system32\uxtheme.dll
0x00007ffab7010000 - 0x00007ffab712e000 	C:\WINDOWS\system32\opengl32.dll
0x00007ffab6fa0000 - 0x00007ffab6fcc000 	C:\WINDOWS\SYSTEM32\GLU32.dll
0x00007ffade640000 - 0x00007ffade7a7000 	C:\WINDOWS\System32\MSCTF.dll
0x00007ffadea20000 - 0x00007ffadeb69000 	C:\WINDOWS\System32\ole32.dll
0x00007ffaae720000 - 0x00007ffaae80f000 	C:\Users\Lie\.javacpp\cache\opencv-windows-x86_64.jar\org\bytedeco\javacpp\windows-x86_64\msvcr120.dll
0x00007ffaad8f0000 - 0x00007ffaad996000 	C:\Users\Lie\.javacpp\cache\opencv-windows-x86_64.jar\org\bytedeco\javacpp\windows-x86_64\msvcp120.dll
0x00007ffaad1f0000 - 0x00007ffaad478000 	C:\Users\Lie\.javacpp\cache\opencv-windows-x86_64.jar\org\bytedeco\javacpp\windows-x86_64\opencv_core320.dll
0x00007ffaace80000 - 0x00007ffaad1e2000 	C:\Users\Lie\.javacpp\cache\opencv-windows-x86_64.jar\org\bytedeco\javacpp\windows-x86_64\opencv_imgproc320.dll
0x00007ffaa6950000 - 0x00007ffaa6b9a000 	C:\Users\Lie\.javacpp\cache\opencv-windows-x86_64.jar\org\bytedeco\javacpp\windows-x86_64\jniopencv_core.dll
0x00007ffaab4b0000 - 0x00007ffaab5a0000 	C:\Users\Lie\.javacpp\cache\opencv-windows-x86_64.jar\org\bytedeco\javacpp\windows-x86_64\jniopencv_imgproc.dll
0x00007ffaa6680000 - 0x00007ffaa694a000 	C:\Users\Lie\.javacpp\cache\opencv-windows-x86_64.jar\org\bytedeco\javacpp\windows-x86_64\opencv_imgcodecs320.dll
0x00007ffad73e0000 - 0x00007ffad7405000 	C:\Users\Lie\.javacpp\cache\opencv-windows-x86_64.jar\org\bytedeco\javacpp\windows-x86_64\jniopencv_imgcodecs.dll
0x00007ffac6650000 - 0x00007ffac6818000 	C:\WINDOWS\SYSTEM32\dbghelp.dll

VM Arguments:
jvm_args: -Dfile.encoding=GBK 
java_command: aka.gandy.main.GandyMain
java_class_path (initial): D:\Aka-Gandy\Aka-Gandy-YYS\bin;D:\Aka-Gandy\Aka-Gandy-YYS\lib\jna-4.5.1.jar;D:\Aka-Gandy\Aka-Gandy-YYS\javacv-bin\artoolkitplus-android-arm.jar;D:\Aka-Gandy\Aka-Gandy-YYS\javacv-bin\artoolkitplus-android-x86.jar;D:\Aka-Gandy\Aka-Gandy-YYS\javacv-bin\artoolkitplus-linux-armhf.jar;D:\Aka-Gandy\Aka-Gandy-YYS\javacv-bin\artoolkitplus-linux-ppc64le.jar;D:\Aka-Gandy\Aka-Gandy-YYS\javacv-bin\artoolkitplus-linux-x86_64.jar;D:\Aka-Gandy\Aka-Gandy-YYS\javacv-bin\artoolkitplus-linux-x86.jar;D:\Aka-Gandy\Aka-Gandy-YYS\javacv-bin\artoolkitplus-macosx-x86_64.jar;D:\Aka-Gandy\Aka-Gandy-YYS\javacv-bin;D:\Aka-Gandy\Aka-Gandy-YYS\javacv-bin\javacpp.jar;D:\Aka-Gandy\Aka-Gandy-YYS\javacv-bin\artoolkitplus.jar;D:\Aka-Gandy\Aka-Gandy-YYS\javacv-bin\artoolkitplus-windows-x86.jar;D:\Aka-Gandy\Aka-Gandy-YYS\javacv-bin\artoolkitplus-windows-x86_64.jar;D:\Aka-Gandy\Aka-Gandy-YYS\javacv-bin\artoolkitplus-platform.jar;D:\Aka-Gandy\Aka-Gandy-YYS\javacv-bin\ffmpeg-android-arm.jar;D:\Aka-Gandy\Aka-Gandy-YYS\javacv-bin\ffmpeg-android-x86.jar;D:\Aka-Gandy\Aka-Gandy-YYS\javacv-bin\ffmpeg-linux-armhf.jar;D:\Aka-Gandy\Aka-Gandy-YYS\javacv-bin\ffmpeg-linux-ppc64le.jar;D:\Aka-Gandy\Aka-Gandy-YYS\javacv-bin\ffmpeg-linux-x86_64.jar;D:\Aka-Gandy\Aka-Gandy-YYS\javacv-bin\ffmpeg-linux-x86.jar;D:\Aka-Gandy\Aka-Gandy-YYS\javacv-bin\ffmpeg-macosx-x86_64.jar;D:\Aka-Gandy\Aka-Gandy-YYS\javacv-bin\ffmpeg.jar;D:\Aka-Gandy\Aka-Gandy-YYS\javacv-bin\ffmpeg-windows-x86.jar;D:\Aka-Gandy\Aka-Gandy-YYS\javacv-bin\ffmpeg-windows-x86_64.jar;D:\Aka-Gandy\Aka-Gandy-YYS\javacv-bin\ffmpeg-platform.jar;D:\Aka-Gandy\Aka-Gandy-YYS\javacv-bin\flandmark-android-arm.jar;D:\Aka-Gandy\Aka-Gandy-YYS\javacv-bin\flandmark-android-x86.jar;D:\Aka-Gandy\Aka-Gandy-YYS\javacv-bin\flandmark-linux-armhf.jar;D:\Aka-Gandy\Aka-Gandy-YYS\javacv-bin\flandmark-linux-ppc64le.jar;D:\Aka-Gandy\Aka-Gandy-YYS\javacv-bin\flandmark-linux-x86_64.jar;D:\Aka-Gandy\Aka-Gandy-YYS\javacv-bin\flandmark-linux-x86.jar;D:\Aka-Gandy\Aka-Gand
Launcher Type: SUN_STANDARD

Environment Variables:
PATH=C:/Program Files/Java/jdk1.8.0_121/bin/../jre/bin/server;C:/Program Files/Java/jdk1.8.0_121/bin/../jre/bin;C:/Program Files/Java/jdk1.8.0_121/bin/../jre/lib/amd64;C:\Windows\system32;C:\Windows;C:\Windows\System32\Wbem;C:\Windows\System32\WindowsPowerShell\v1.0\;C:\Program Files (x86)\NVIDIA Corporation\PhysX\Common;C:\Program Files\Java\jdk1.8.0_121\bin;C:\Program Files\Java\jdk1.8.0_121\lib;C:\Go\bin;C:\Program Files\Git\cmd;C:\WINDOWS\system32;C:\WINDOWS;C:\WINDOWS\System32\Wbem;C:\WINDOWS\System32\WindowsPowerShell\v1.0\;C:\Users\Lie\AppData\Local\Microsoft\WindowsApps;C:\Users\Lie\AppData\Local\GitHubDesktop\bin;C:\Users\Lie\AppData\Local\Microsoft\WindowsApps;D:\eclipse;
USERNAME=Lie
OS=Windows_NT
PROCESSOR_IDENTIFIER=Intel64 Family 6 Model 158 Stepping 9, GenuineIntel



---------------  S Y S T E M  ---------------

OS: Windows 10.0 , 64 bit Build 16299 (10.0.16299.15)

CPU:total 4 (4 cores per cpu, 1 threads per core) family 6 model 158 stepping 9, cmov, cx8, fxsr, mmx, sse, sse2, sse3, ssse3, sse4.1, sse4.2, popcnt, avx, avx2, aes, clmul, erms, 3dnowpref, lzcnt, tsc, tscinvbit, bmi1, bmi2, adx

Memory: 4k page, physical 16642280k(6214876k free), swap 20836584k(6985212k free)

vm_info: Java HotSpot(TM) 64-Bit Server VM (25.121-b13) for windows-amd64 JRE (1.8.0_121-b13), built on Dec 12 2016 18:21:36 by "java_re" with MS VC++ 10.0 (VS2010)

time: Wed Jan 31 10:23:15 2018
elapsed time: 158 seconds (0d 0h 2m 38s)

